 3933  8.4 3456768
 3933  8.4 3456768
 3933  8.4 3456768
 3933  8.4 3456768
 3933  8.4 3456768
 3933  8.4 3456768
 3933  8.4 3456768
 3933  8.4 3456768
 3933  8.4 3456768
 3933  8.4 3456768
 3933  8.4 3456768
 3933  8.4 3456768
 3933  8.4 3456768
 3933  8.4 3456768
 3933  8.4 3456768
 3933  8.4 3480792
 3933  8.4 3480792
 3933  8.5 3470472
 3933  8.5 3470464
 3933  8.5 3470464
 3933  8.5 3470464
 3933  8.5 3470464
 3933  8.5 3470464
 3933  8.2 3432040
 3933  8.4 3438856
 3933  8.4 3438856
 3933  8.4 3438856
 3933  8.4 3438856
 3933  8.5 3438904
 3933  8.4 3432016
 3933  8.4 3475984
 3933  8.4 3481864
 3933  8.4 3481896
 3933  8.4 3432976
 3933  8.4 3432976
 3933  8.8 3462088
 3933  8.4 3433524
 3933  8.4 3433524
 3933  8.4 3433524
 3933  8.9 3463528
 3933  8.9 3462584
 3933  8.9 3724688
 3933  8.9 3725028
 3933  8.9 3725028
 3933  8.9 3725028
 3933  8.7 3733780
 3933  8.5 3703928
 3933  8.6 3703928
 3933  8.6 3703928
 3933  8.6 3703928
 3933  8.6 3703928
